<?xml version="1.0" encoding="UTF-8"?>
<!-- Generated by org.testng.reporters.JUnitReportReporter -->
<testsuite skipped="0" hostname="MacBook-Pro-mac" name="tests.OnboardingTest" tests="1" failures="0" timestamp="09 окт 2020 09:13:18 GMT" time="10.509" errors="0">
  <testcase name="onboardingTest" time="10.509" classname="tests.OnboardingTest"/>
</testsuite> <!-- tests.OnboardingTest -->
