<?xml version="1.0" encoding="UTF-8"?>
<!-- Generated by org.testng.reporters.JUnitReportReporter -->
<testsuite skipped="0" hostname="MacBook-Pro-mac.local" name="tests.LoginTest" tests="3" failures="0" timestamp="30 окт 2020 11:16:00 GMT" time="14.648" errors="0">
  <testcase name="loginTest1" time="4.010" classname="tests.LoginTest"/>
  <testcase name="loginTest2" time="4.234" classname="tests.LoginTest"/>
  <testcase name="loginTest3" time="6.404" classname="tests.LoginTest"/>
</testsuite> <!-- tests.LoginTest -->
