<?xml version="1.0" encoding="UTF-8"?>
<!-- Generated by org.testng.reporters.JUnitReportReporter -->
<testsuite skipped="1" hostname="MacBook-Pro" name="AllureTests.AllureLogInTest" tests="1" failures="0" timestamp="06 июл 2022 06:53:11 GMT" time="0.000" errors="0">
  <testcase name="checklogInTest" time="0.000" classname="AllureTests.AllureLogInTest">
    <skipped/>
  </testcase> <!-- checklogInTest -->
</testsuite> <!-- AllureTests.AllureLogInTest -->
